十二月 05, 2015 12:05:34 上午 org.apache.catalina.core.ApplicationContext log
信息: ContextListener: contextInitialized()
十二月 05, 2015 12:05:34 上午 org.apache.catalina.core.ApplicationContext log
信息: SessionListener: contextInitialized()
十二月 05, 2015 12:10:21 上午 org.apache.catalina.core.ApplicationContext log
信息: ContextListener: contextInitialized()
十二月 05, 2015 12:10:21 上午 org.apache.catalina.core.ApplicationContext log
信息: SessionListener: contextInitialized()
十二月 05, 2015 12:10:21 上午 org.apache.catalina.core.ApplicationContext log
信息: SessionListener: contextDestroyed()
十二月 05, 2015 12:10:21 上午 org.apache.catalina.core.ApplicationContext log
信息: ContextListener: contextDestroyed()
十二月 05, 2015 12:10:26 上午 org.apache.catalina.core.ApplicationContext log
信息: ContextListener: contextInitialized()
十二月 05, 2015 12:10:26 上午 org.apache.catalina.core.ApplicationContext log
信息: SessionListener: contextInitialized()
十二月 05, 2015 12:10:26 上午 org.apache.catalina.core.ApplicationContext log
信息: SessionListener: contextDestroyed()
十二月 05, 2015 12:10:27 上午 org.apache.catalina.core.ApplicationContext log
信息: ContextListener: contextDestroyed()
十二月 05, 2015 12:12:56 上午 org.apache.catalina.core.ApplicationContext log
信息: ContextListener: contextInitialized()
十二月 05, 2015 12:12:56 上午 org.apache.catalina.core.ApplicationContext log
信息: SessionListener: contextInitialized()
十二月 05, 2015 12:12:57 上午 org.apache.catalina.core.ApplicationContext log
信息: SessionListener: contextDestroyed()
十二月 05, 2015 12:12:57 上午 org.apache.catalina.core.ApplicationContext log
信息: ContextListener: contextDestroyed()
十二月 05, 2015 12:14:34 上午 org.apache.catalina.core.ApplicationContext log
信息: ContextListener: contextInitialized()
十二月 05, 2015 12:14:34 上午 org.apache.catalina.core.ApplicationContext log
信息: SessionListener: contextInitialized()
十二月 05, 2015 12:14:34 上午 org.apache.catalina.core.ApplicationContext log
信息: SessionListener: contextDestroyed()
十二月 05, 2015 12:14:34 上午 org.apache.catalina.core.ApplicationContext log
信息: ContextListener: contextDestroyed()
十二月 05, 2015 12:14:51 上午 org.apache.catalina.core.ApplicationContext log
信息: ContextListener: contextInitialized()
十二月 05, 2015 12:14:51 上午 org.apache.catalina.core.ApplicationContext log
信息: SessionListener: contextInitialized()
十二月 05, 2015 12:14:52 上午 org.apache.catalina.core.ApplicationContext log
信息: SessionListener: contextDestroyed()
十二月 05, 2015 12:14:52 上午 org.apache.catalina.core.ApplicationContext log
信息: ContextListener: contextDestroyed()
十二月 05, 2015 12:27:05 上午 org.apache.catalina.core.ApplicationContext log
信息: ContextListener: contextInitialized()
十二月 05, 2015 12:27:05 上午 org.apache.catalina.core.ApplicationContext log
信息: SessionListener: contextInitialized()
十二月 05, 2015 12:27:05 上午 org.apache.catalina.core.ApplicationContext log
信息: SessionListener: contextDestroyed()
十二月 05, 2015 12:27:05 上午 org.apache.catalina.core.ApplicationContext log
信息: ContextListener: contextDestroyed()
十二月 05, 2015 12:31:13 上午 org.apache.catalina.core.ApplicationContext log
信息: ContextListener: contextInitialized()
十二月 05, 2015 12:31:13 上午 org.apache.catalina.core.ApplicationContext log
信息: SessionListener: contextInitialized()
十二月 05, 2015 12:35:50 上午 org.apache.catalina.core.ApplicationContext log
信息: SessionListener: contextDestroyed()
十二月 05, 2015 12:35:50 上午 org.apache.catalina.core.ApplicationContext log
信息: ContextListener: contextDestroyed()
十二月 05, 2015 12:35:58 上午 org.apache.catalina.core.ApplicationContext log
信息: ContextListener: contextInitialized()
十二月 05, 2015 12:35:58 上午 org.apache.catalina.core.ApplicationContext log
信息: SessionListener: contextInitialized()
十二月 05, 2015 12:36:49 上午 org.apache.catalina.core.ApplicationContext log
信息: SessionListener: contextDestroyed()
十二月 05, 2015 12:36:49 上午 org.apache.catalina.core.ApplicationContext log
信息: ContextListener: contextDestroyed()
十二月 05, 2015 12:36:59 上午 org.apache.catalina.core.ApplicationContext log
信息: ContextListener: contextInitialized()
十二月 05, 2015 12:36:59 上午 org.apache.catalina.core.ApplicationContext log
信息: SessionListener: contextInitialized()
十二月 05, 2015 12:37:55 上午 org.apache.catalina.core.ApplicationContext log
信息: SessionListener: contextDestroyed()
十二月 05, 2015 12:37:55 上午 org.apache.catalina.core.ApplicationContext log
信息: ContextListener: contextDestroyed()
十二月 05, 2015 12:38:01 上午 org.apache.catalina.core.ApplicationContext log
信息: ContextListener: contextInitialized()
十二月 05, 2015 12:38:01 上午 org.apache.catalina.core.ApplicationContext log
信息: SessionListener: contextInitialized()
十二月 05, 2015 12:59:10 上午 org.apache.catalina.core.ApplicationContext log
信息: SessionListener: contextDestroyed()
十二月 05, 2015 12:59:10 上午 org.apache.catalina.core.ApplicationContext log
信息: ContextListener: contextDestroyed()
